Tue, 10 May 2022 09:12:19 GMT POST /api/auth 200 195 - 157.677 ms
Tue, 10 May 2022 09:12:19 GMT GET /api/auth 200 204 - 34.296 ms
Tue, 10 May 2022 09:12:19 GMT GET /api/profile/me 400 43 - 29.156 ms
Tue, 10 May 2022 09:12:19 GMT GET /api/profile/me 400 43 - 28.167 ms

Tue, 10 May 2022 09:18:37 GMT POST /api/users/register 404 158 - 2.661 ms
Tue, 10 May 2022 09:18:37 GMT POST /api/users/login 404 155 - 0.645 ms
Tue, 10 May 2022 09:19:16 GMT POST /api/users/register 404 158 - 1.250 ms
Tue, 10 May 2022 09:19:16 GMT POST /api/users/login 404 155 - 0.423 ms
Tue, 10 May 2022 09:20:15 GMT POST /api/users/register 404 158 - 2.934 ms
Tue, 10 May 2022 09:20:15 GMT POST /api/users/login 404 155 - 0.936 ms
Tue, 10 May 2022 09:21:12 GMT POST /api/users/register 404 158 - 2.079 ms
Tue, 10 May 2022 09:21:12 GMT POST /api/users/login 404 155 - 0.654 ms
Tue, 10 May 2022 09:26:33 GMT POST /api/users/register 404 158 - 1.584 ms
Tue, 10 May 2022 09:26:33 GMT POST /api/users/login 404 155 - 0.473 ms
Tue, 10 May 2022 09:51:46 GMT GET /api/auth 401 40 - 3.994 ms
Tue, 10 May 2022 09:51:46 GMT GET /api/auth 401 40 - 1.198 ms
Tue, 10 May 2022 09:51:51 GMT POST /api/auth 200 195 - 158.843 ms
Tue, 10 May 2022 09:51:51 GMT GET /api/auth 200 204 - 40.117 ms
Tue, 10 May 2022 09:51:51 GMT GET /api/profile/me 400 43 - 44.380 ms
Tue, 10 May 2022 09:51:51 GMT GET /api/profile/me 400 43 - 29.625 ms
Tue, 10 May 2022 09:52:16 GMT GET /api/menu 304 - - 36.768 ms
Tue, 10 May 2022 09:52:16 GMT GET /api/menu 304 - - 30.230 ms
Tue, 10 May 2022 09:52:32 GMT GET /api/profile/me 400 43 - 37.348 ms
Tue, 10 May 2022 09:52:32 GMT GET /api/profile/me 400 43 - 31.127 ms
Tue, 10 May 2022 09:52:55 GMT GET /api/profile/me 400 43 - 29.621 ms
Tue, 10 May 2022 09:52:55 GMT GET /api/profile/me 400 43 - 36.199 ms
Tue, 10 May 2022 09:53:46 GMT POST /api/auth 200 195 - 151.399 ms
Tue, 10 May 2022 09:53:46 GMT GET /api/auth 200 204 - 45.122 ms
Tue, 10 May 2022 09:53:46 GMT GET /api/profile/me 400 43 - 30.580 ms
Tue, 10 May 2022 09:53:46 GMT GET /api/profile/me 400 43 - 33.481 ms
Tue, 10 May 2022 09:54:09 GMT GET /api/menu 304 - - 32.161 ms
Tue, 10 May 2022 09:54:09 GMT GET /api/menu 304 - - 28.381 ms
Tue, 10 May 2022 09:54:14 GMT GET /api/profile/me 400 43 - 28.421 ms
Tue, 10 May 2022 09:54:14 GMT GET /api/profile/me 400 43 - 26.890 ms
Tue, 10 May 2022 09:54:15 GMT GET /api/commentsection 200 271 - 120.872 ms
Tue, 10 May 2022 09:54:15 GMT GET /api/commentsection 304 - - 54.474 ms
Tue, 10 May 2022 09:56:01 GMT GET /api/profile/me 400 43 - 41.575 ms
Tue, 10 May 2022 09:56:01 GMT GET /api/profile/me 400 43 - 29.846 ms
Tue, 10 May 2022 10:03:27 GMT POST /api/auth 200 195 - 134.312 ms
Tue, 10 May 2022 10:03:27 GMT GET /api/auth 200 210 - 44.640 ms
Tue, 10 May 2022 10:03:27 GMT GET /api/profile/me 400 43 - 32.559 ms
Tue, 10 May 2022 10:03:28 GMT GET /api/profile/me 400 43 - 31.551 ms
Tue, 10 May 2022 10:04:21 GMT POST /api/users/register 404 158 - 1.803 ms
Tue, 10 May 2022 10:04:21 GMT POST /api/users/login 404 155 - 0.595 ms
Tue, 10 May 2022 10:04:48 GMT POST /api/users/register 404 158 - 1.180 ms
Tue, 10 May 2022 10:04:48 GMT POST /api/users/login 404 155 - 0.728 ms
Tue, 10 May 2022 10:05:18 GMT POST /api/users/register 404 158 - 1.897 ms
Tue, 10 May 2022 10:05:18 GMT GET /api/users/login 404 154 - 0.407 ms
Tue, 10 May 2022 10:06:27 GMT POST /api/users/register 404 158 - 1.782 ms
Tue, 10 May 2022 10:06:27 GMT POST /api/users/login 404 155 - 0.541 ms
Tue, 10 May 2022 13:04:13 GMT POST /api/users/register 404 158 - 2.025 ms
Tue, 10 May 2022 13:04:13 GMT POST /api/users/login 404 155 - 0.484 ms
Tue, 10 May 2022 13:05:38 GMT GET /api/auth 401 40 - 3.734 ms
Tue, 10 May 2022 13:05:38 GMT GET /api/auth 401 40 - 0.813 ms
Tue, 10 May 2022 13:05:44 GMT POST /api/login 404 149 - 0.899 ms
Tue, 10 May 2022 13:06:04 GMT GET /api/login 404 148 - 0.430 ms
Tue, 10 May 2022 13:06:27 GMT POST /api/users 400 72 - 8.828 ms
Tue, 10 May 2022 13:07:13 GMT POST /api/login 404 149 - 0.122 ms
Tue, 10 May 2022 13:07:22 GMT GET /api/auth 401 40 - 1.009 ms
Tue, 10 May 2022 13:07:22 GMT GET /api/auth 401 40 - 1.289 ms
Tue, 10 May 2022 13:09:34 GMT POST /api/auth 200 195 - 132.234 ms
Tue, 10 May 2022 13:10:05 GMT POST /api/users/register 404 158 - 1.108 ms
Tue, 10 May 2022 13:10:05 GMT POST /api/users/auth 404 154 - 0.416 ms
Tue, 10 May 2022 13:10:23 GMT POST /api/users/register 404 158 - 1.082 ms
Tue, 10 May 2022 13:10:24 GMT POST /api/auth 400 42 - 764.209 ms
Tue, 10 May 2022 13:10:48 GMT POST /api/users/register 404 158 - 1.685 ms
Tue, 10 May 2022 13:10:48 GMT POST /api/users/auth 404 154 - 0.558 ms
Tue, 10 May 2022 13:12:36 GMT POST /api/users/register 404 158 - 1.142 ms
Tue, 10 May 2022 13:12:37 GMT POST /api/auth 400 42 - 884.584 ms
Tue, 10 May 2022 13:16:55 GMT POST /api/users/register 404 158 - 1.143 ms
Tue, 10 May 2022 13:16:56 GMT POST /api/auth 400 42 - 911.079 ms
Tue, 10 May 2022 13:19:21 GMT GET /api/auth 401 40 - 4.477 ms
Tue, 10 May 2022 13:19:21 GMT GET /api/auth 401 40 - 1.499 ms
Tue, 10 May 2022 13:19:27 GMT GET /api/auth 401 40 - 0.591 ms
Tue, 10 May 2022 13:19:27 GMT GET /api/auth 401 40 - 0.862 ms
Tue, 10 May 2022 13:19:32 GMT GET /api/auth 401 40 - 0.359 ms
Tue, 10 May 2022 13:19:32 GMT GET /api/auth 401 40 - 0.238 ms
Tue, 10 May 2022 13:20:57 GMT GET /api/auth 401 40 - 0.271 ms
Tue, 10 May 2022 13:20:57 GMT GET /api/auth 401 40 - 0.332 ms
Tue, 10 May 2022 13:22:08 GMT GET /api/auth 401 40 - 5.820 ms
Tue, 10 May 2022 13:22:08 GMT GET /api/auth 401 40 - 0.517 ms
Tue, 10 May 2022 13:23:53 GMT POST /api/users/register 404 158 - 2.526 ms
Tue, 10 May 2022 13:23:53 GMT POST /api/login 404 149 - 0.430 ms
Tue, 10 May 2022 13:24:31 GMT POST /api/users/register 404 158 - 1.772 ms
Tue, 10 May 2022 13:24:31 GMT POST /api/login 404 149 - 0.402 ms
Tue, 10 May 2022 13:24:45 GMT POST /api/users/register 404 158 - 1.369 ms
Tue, 10 May 2022 13:24:45 GMT POST /login 404 145 - 0.451 ms
Tue, 10 May 2022 13:25:11 GMT POST /api/users/register 404 158 - 1.324 ms
Tue, 10 May 2022 13:25:11 GMT POST /api/users/login 404 155 - 0.527 ms
Tue, 10 May 2022 13:25:21 GMT POST /api/users/register 404 158 - 1.199 ms
Tue, 10 May 2022 13:25:21 GMT POST /api/users/auth 404 154 - 0.641 ms
Tue, 10 May 2022 13:25:29 GMT POST /api/users/register 404 158 - 1.804 ms
Tue, 10 May 2022 13:25:29 GMT POST /api/users/auth 404 154 - 0.805 ms
Tue, 10 May 2022 13:27:01 GMT POST /api/users/register 404 158 - 1.356 ms
Tue, 10 May 2022 13:27:02 GMT POST /api/auth 400 42 - 908.897 ms
Tue, 10 May 2022 13:27:18 GMT POST /api/users/register 404 158 - 1.146 ms
Tue, 10 May 2022 13:27:18 GMT POST /api/users/auth 404 154 - 0.607 ms
Tue, 10 May 2022 13:27:44 GMT POST /api/users/register 404 158 - 1.271 ms
Tue, 10 May 2022 13:27:44 GMT POST /api/users/auth 404 154 - 0.547 ms
Tue, 10 May 2022 13:28:17 GMT POST /api/users/register 404 158 - 1.281 ms
Tue, 10 May 2022 13:28:17 GMT POST /api/users/auth 404 154 - 0.438 ms
Tue, 10 May 2022 13:37:48 GMT POST /api/users/register 404 158 - 1.396 ms
Tue, 10 May 2022 13:37:48 GMT POST /api/users/auth 404 154 - 0.415 ms
Tue, 10 May 2022 13:38:43 GMT POST /api/users/register 404 158 - 1.708 ms
Tue, 10 May 2022 13:38:43 GMT POST /api/users/auth 404 154 - 0.436 ms
Tue, 10 May 2022 13:41:03 GMT POST /api/users/register 404 158 - 1.730 ms
Tue, 10 May 2022 13:41:03 GMT POST /api/users/login 404 155 - 0.406 ms
Tue, 10 May 2022 13:42:20 GMT POST /api/users/register 404 158 - 1.266 ms
Tue, 10 May 2022 13:42:20 GMT POST /api/users/profile 404 157 - 0.605 ms
Tue, 10 May 2022 13:42:33 GMT POST /api/users/register 404 158 - 1.278 ms
Tue, 10 May 2022 13:42:33 GMT POST /api/users/login 404 155 - 0.527 ms
Tue, 10 May 2022 13:42:49 GMT POST /api/users/register 404 158 - 1.247 ms
Tue, 10 May 2022 13:42:49 GMT POST /api/users/login 404 155 - 0.465 ms
Tue, 10 May 2022 13:43:00 GMT POST /api/users/register 404 158 - 1.406 ms
Tue, 10 May 2022 13:43:00 GMT POST /api/login 404 149 - 0.404 ms
Tue, 10 May 2022 13:43:22 GMT POST /api/users/register 404 158 - 1.473 ms
Tue, 10 May 2022 13:43:22 GMT POST /api/users/login 404 155 - 0.485 ms
Tue, 10 May 2022 13:47:24 GMT POST /api/users/register 404 158 - 1.240 ms
Tue, 10 May 2022 13:47:24 GMT POST /api/users 400 72 - 10.104 ms
Tue, 10 May 2022 13:47:41 GMT POST /api/users/register 404 158 - 1.205 ms
Tue, 10 May 2022 13:47:41 GMT POST /api/users/login 404 155 - 0.652 ms
Tue, 10 May 2022 13:47:57 GMT POST /api/users/register 404 158 - 1.900 ms
Tue, 10 May 2022 13:47:59 GMT POST /api/auth 200 195 - 1230.012 ms
Tue, 10 May 2022 13:49:23 GMT POST /api/users/register 404 158 - 1.358 ms
Tue, 10 May 2022 13:49:24 GMT POST /api/auth 200 195 - 1150.310 ms
Tue, 10 May 2022 13:49:34 GMT GET /api/auth 401 40 - 2.695 ms
Tue, 10 May 2022 13:49:34 GMT GET /api/auth 401 40 - 0.571 ms
Tue, 10 May 2022 13:49:43 GMT POST /api/auth 200 195 - 134.223 ms
Tue, 10 May 2022 13:49:43 GMT GET /api/auth 200 204 - 36.637 ms
Tue, 10 May 2022 13:49:43 GMT GET /api/profile/me 400 43 - 28.336 ms
Tue, 10 May 2022 13:49:43 GMT GET /api/profile/me 400 43 - 29.269 ms
Tue, 10 May 2022 14:13:14 GMT POST /api/users/register 404 158 - 1.105 ms
Tue, 10 May 2022 14:13:15 GMT POST /api/auth 200 195 - 727.131 ms
